<?xml version="1.0" encoding="UTF-8"?>
<testng-results skipped="0" failed="0" total="1" passed="1">
  <reporter-output>
  </reporter-output>
  <suite name="Default suite" duration-ms="54" started-at="2023-04-19T14:10:49Z" finished-at="2023-04-19T14:10:49Z">
    <groups>
    </groups>
    <test name="Default test" duration-ms="54" started-at="2023-04-19T14:10:49Z" finished-at="2023-04-19T14:10:49Z">
      <class name="Practice.Parameters">
        <test-method status="PASS" signature="m1()[pri:0, instance:Practice.Parameters@6bdf28bb]" name="m1" duration-ms="22" started-at="2023-04-19T19:40:49Z" finished-at="2023-04-19T19:40:49Z">
          <reporter-output>
          </reporter-output>
        </test-method> <!-- m1 -->
      </class> <!-- Practice.Parameters -->
    </test> <!-- Default test -->
  </suite> <!-- Default suite -->
</testng-results>
